<?xml version="1.0" encoding="utf-8"?><testsuites name="pytest tests"><testsuite name="pytest" errors="0" failures="0" skipped="0" tests="12" time="5.076" timestamp="2026-09-13T06:54:38.445979+00:00" hostname="agent-env-1180227c-a576-4f17-9230-24259052afd6"><testcase classname="backend.tests.test_add_question_visibility" name="test_removed_ai_endpoint_returns_404" time="0.729" /><testcase classname="backend.tests.test_add_question_visibility" name="test_create_mcq_bank_wide" time="0.187" /><testcase classname="backend.tests.test_add_question_visibility" name="test_create_mcq_duplicate_rejected" time="0.320" /><testcase classname="backend.tests.test_add_question_visibility" name="test_create_mcq_missing_options_rejected" time="0.173" /><testcase classname="backend.tests.test_add_question_visibility" name="test_create_descriptive_missing_answer_rejected" time="0.158" /><testcase classname="backend.tests.test_add_question_visibility" name="test_invalid_visibility_rejected" time="0.168" /><testcase classname="backend.tests.test_add_question_visibility" name="test_list_questions_owner_sees_restricted" time="0.362" /><testcase classname="backend.tests.test_add_question_visibility" name="test_list_questions_matching_teacher_sees_restricted" time="1.339" /><testcase classname="backend.tests.test_add_question_visibility" name="test_list_questions_nonmatching_teacher_hidden" time="0.916" /><testcase classname="backend.tests.test_add_question_visibility" name="test_bank_wide_visible_to_everyone" time="0.334" /><testcase classname="backend.tests.test_add_question_visibility" name="test_exam_generate_excludes_restricted_for_nonmatching" time="0.157" /><testcase classname="backend.tests.test_add_question_visibility" name="test_list_questions_subject_filter" time="0.203" /></testsuite></testsuites>