<?xml version="1.0" encoding="utf-8"?><testsuites name="pytest tests"><testsuite name="pytest" errors="0" failures="0" skipped="0" tests="81" time="51.122" timestamp="2026-08-24T15:29:36.041069+00:00" hostname="agent-env-1180227c-a576-4f17-9230-24259052afd6"><testcase classname="tests.test_edora_backend" name="test_health" time="0.241" /><testcase classname="tests.test_edora_backend.TestAuth" name="test_login_teacher_sets_httponly_cookies" time="0.321" /><testcase classname="tests.test_edora_backend.TestAuth" name="test_login_invalid_password" time="0.315" /><testcase classname="tests.test_edora_backend.TestAuth" name="test_me_requires_auth" time="0.117" /><testcase classname="tests.test_edora_backend.TestAuth" name="test_me_teacher" time="0.440" /><testcase classname="tests.test_edora_backend.TestAuth" name="test_bcrypt_hash_format" time="0.083" /><testcase classname="tests.test_edora_backend.TestAuth" name="test_brute_force_lockout_423" time="0.596" /><testcase classname="tests.test_edora_backend.TestAuth" name="test_register_cannot_escalate_to_teacher" time="0.556" /><testcase classname="tests.test_edora_backend.TestRoleGuard" name="test_student_blocked_get[/dashboard/stats]" time="0.470" /><testcase classname="tests.test_edora_backend.TestRoleGuard" name="test_student_blocked_get[/exams]" time="0.081" /><testcase classname="tests.test_edora_backend.TestRoleGuard" name="test_student_blocked_get[/attempts]" time="0.080" /><testcase classname="tests.test_edora_backend.TestRoleGuard" name="test_student_blocked_get[/analytics]" time="0.082" /><testcase classname="tests.test_edora_backend.TestRoleGuard" name="test_student_blocked_get[/questions/stats]" time="0.094" /><testcase classname="tests.test_edora_backend.TestRoleGuard" name="test_student_blocked_generate" time="0.107" /><testcase classname="tests.test_edora_backend.TestRoleGuard" name="test_anon_blocked" time="0.221" /><testcase classname="tests.test_edora_backend.TestCurriculum" name="test_curriculum" time="0.087" /><testcase classname="tests.test_edora_backend.TestCurriculum" name="test_question_stats_six_types" time="0.085" /><testcase classname="tests.test_edora_backend.TestGeneration" name="test_generate_variants_compliance_and_types" time="0.073" /><testcase classname="tests.test_edora_backend.TestGeneration" name="test_generate_diversity_low_overlap" time="0.076" /><testcase classname="tests.test_edora_backend.TestGeneration" name="test_generate_not_deterministic" time="0.123" /><testcase classname="tests.test_edora_backend.TestGeneration" name="test_generate_seed_reproducible" time="0.168" /><testcase classname="tests.test_edora_backend.TestGeneration" name="test_generate_bad_curriculum_400" time="0.059" /><testcase classname="tests.test_edora_backend.TestGeneration" name="test_generate_flat_payload_422" time="0.070" /><testcase classname="tests.test_edora_backend.TestPublish" name="test_publish_returns_code" time="2.443" /><testcase classname="tests.test_edora_backend.TestPublish" name="test_published_matches_preview" time="0.062" /><testcase classname="tests.test_edora_backend.TestPublish" name="test_publish_variant_index_1_matches_preview" time="0.195" /><testcase classname="tests.test_edora_backend.TestPublish" name="test_publish_without_qids_400" time="0.060" /><testcase classname="tests.test_edora_backend.TestPublish" name="test_exam_appears_in_list" time="0.069" /><testcase classname="tests.test_edora_backend.TestPublish" name="test_get_exam_404" time="0.058" /><testcase classname="tests.test_edora_backend.TestStudentSecurity" name="test_start_hides_answer_keys" time="0.155" /><testcase classname="tests.test_edora_backend.TestStudentSecurity" name="test_start_invalid_code_404" time="0.155" /><testcase classname="tests.test_edora_backend.TestStudentSecurity" name="test_malformed_object_id_returns_404" time="0.337" /><testcase classname="tests.test_edora_backend.TestStudentSecurity" name="test_mutations_require_matching_token" time="0.435" /><testcase classname="tests.test_edora_backend.TestStudentSecurity" name="test_student_cannot_set_integrity_score" time="0.638" /><testcase classname="tests.test_edora_backend.TestGradingFlow" name="test_submit_scores" time="2.188" /><testcase classname="tests.test_edora_backend.TestGradingFlow" name="test_ai_graded_descriptives" time="0.000" /><testcase classname="tests.test_edora_backend.TestGradingFlow" name="test_objective_graded_server_side" time="0.000" /><testcase classname="tests.test_edora_backend.TestGradingFlow" name="test_double_submit_rejected" time="0.225" /><testcase classname="tests.test_edora_backend.TestGradingFlow" name="test_attempt_visible_to_teacher" time="0.123" /><testcase classname="tests.test_edora_backend.TestGradingFlow" name="test_dashboard_reflects_real_data" time="0.069" /><testcase classname="tests.test_edora_backend.TestGradingFlow" name="test_analytics" time="1.897" /><testcase classname="tests.test_edora_backend.TestGradingFlow" name="test_analytics_insight_cached" time="0.139" /><testcase classname="tests.test_edora_v3_features.TestDualModeAuth" name="test_login_returns_token_field" time="0.434" /><testcase classname="tests.test_edora_v3_features.TestDualModeAuth" name="test_me_with_bearer_only_no_cookies" time="0.680" /><testcase classname="tests.test_edora_v3_features.TestDualModeAuth" name="test_me_with_cookie_only" time="0.483" /><testcase classname="tests.test_edora_v3_features.TestDualModeAuth" name="test_register_returns_token_and_student_role" time="0.578" /><testcase classname="tests.test_edora_v3_features.TestDualModeAuth" name="test_bad_bearer_token_401" time="0.126" /><testcase classname="tests.test_edora_v3_features.TestDualModeAuth" name="test_logout_clears_cookies" time="0.515" /><testcase classname="tests.test_edora_v3_features.TestDualModeAuth" name="test_brute_force_lockout_423_throwaway_email" time="0.567" /><testcase classname="tests.test_edora_v3_features.TestQuestionGeneration" name="test_generate_inserts_into_bank" time="7.618" /><testcase classname="tests.test_edora_v3_features.TestQuestionGeneration" name="test_generate_mcq_has_options" time="3.122" /><testcase classname="tests.test_edora_v3_features.TestQuestionGeneration" name="test_generate_requires_teacher" time="0.845" /><testcase classname="tests.test_edora_v3_features.TestQuestionGeneration" name="test_generate_validation_422" time="0.096" /><testcase classname="tests.test_edora_v3_features.TestPdfExport" name="test_exam_pdf" time="0.604" /><testcase classname="tests.test_edora_v3_features.TestPdfExport" name="test_exam_pdf_404" time="0.091" /><testcase classname="tests.test_edora_v3_features.TestPdfExport" name="test_exam_pdf_guarded" time="0.587" /><testcase classname="tests.test_edora_v3_features.TestPdfExport" name="test_attempt_pdf" time="3.013" /><testcase classname="tests.test_edora_v3_features.TestPdfExport" name="test_attempt_pdf_bad_id_404" time="0.087" /><testcase classname="tests.test_edora_v3_features.TestLiveProctoring" name="test_live_feed_lifecycle" time="0.456" /><testcase classname="tests.test_edora_v3_features.TestLiveProctoring" name="test_live_feed_guarded" time="0.697" /><testcase classname="tests.test_edora_v3_features.TestFaceVerification" name="test_start_without_photo_returns_identity_check_skipped" time="0.192" /><testcase classname="tests.test_edora_v3_features.TestFaceVerification" name="test_start_with_photo_runs_vision_identity_check" time="1.235" /><testcase classname="tests.test_edora_v3_features.TestFaceVerification" name="test_face_check_token_guard_and_match" time="3.208" /><testcase classname="tests.test_edora_v3_features.TestFaceVerification" name="test_face_mismatch_penalises_integrity" time="3.701" /><testcase classname="tests.test_admin_auth_v4.TestLogin" name="test_admin_login_by_username" time="0.315" /><testcase classname="tests.test_admin_auth_v4.TestLogin" name="test_teacher_login_by_username" time="0.309" /><testcase classname="tests.test_admin_auth_v4.TestLogin" name="test_teacher_login_by_email_backward_compat" time="0.312" /><testcase classname="tests.test_admin_auth_v4.TestLogin" name="test_login_rejects_email_key_payload" time="0.084" /><testcase classname="tests.test_admin_auth_v4.TestLogin" name="test_unknown_user_401" time="0.092" /><testcase classname="tests.test_admin_auth_v4.TestLogin" name="test_me_returns_portfolio_no_mongo_id" time="0.076" /><testcase classname="tests.test_admin_auth_v4.TestAdminTeachers" name="test_list_requires_admin" time="0.810" /><testcase classname="tests.test_admin_auth_v4.TestAdminTeachers" name="test_write_endpoints_require_admin" time="0.437" /><testcase classname="tests.test_admin_auth_v4.TestAdminTeachers" name="test_full_teacher_lifecycle" time="2.343" /><testcase classname="tests.test_admin_auth_v4.TestAdminTeachers" name="test_update_nonexistent_404" time="0.069" /><testcase classname="tests.test_admin_auth_v4.TestAdminTeachers" name="test_privilege_escalation_via_register_blocked" time="0.315" /><testcase classname="tests.test_admin_auth_v4.TestEngineRegression" name="test_teacher_can_load[/dashboard/stats]" time="0.094" /><testcase classname="tests.test_admin_auth_v4.TestEngineRegression" name="test_teacher_can_load[/curriculum]" time="0.068" /><testcase classname="tests.test_admin_auth_v4.TestEngineRegression" name="test_teacher_can_load[/exams]" time="0.122" /><testcase classname="tests.test_admin_auth_v4.TestEngineRegression" name="test_teacher_can_load[/attempts]" time="0.076" /><testcase classname="tests.test_admin_auth_v4.TestEngineRegression" name="test_teacher_can_load[/analytics]" time="2.099" /><testcase classname="tests.test_admin_auth_v4.TestEngineRegression" name="test_admin_blocked_from_teacher_engine" time="0.606" /></testsuite></testsuites>