<?xml version="1.0" encoding="utf-8"?><testsuites name="pytest tests"><testsuite name="pytest" errors="0" failures="1" skipped="0" tests="42" time="10.050" timestamp="2026-08-22T15:23:27.293382+00:00" hostname="agent-env-1180227c-a576-4f17-9230-24259052afd6"><testcase classname="tests.test_edora_backend" name="test_health" time="0.278" /><testcase classname="tests.test_edora_backend.TestAuth" name="test_login_teacher_sets_httponly_cookies" time="0.276" /><testcase classname="tests.test_edora_backend.TestAuth" name="test_login_invalid_password" time="0.291" /><testcase classname="tests.test_edora_backend.TestAuth" name="test_me_requires_auth" time="0.126" /><testcase classname="tests.test_edora_backend.TestAuth" name="test_me_teacher" time="0.472" /><testcase classname="tests.test_edora_backend.TestAuth" name="test_bcrypt_hash_format" time="0.069" /><testcase classname="tests.test_edora_backend.TestAuth" name="test_brute_force_lockout_423" time="0.388"><failure message="AssertionError: no 423 lockout, codes=[401, 401, 401, 401, 401, 401]&#10;assert 423 in [401, 401, 401, 401, 401, 401]">tests/test_edora_backend.py:76: in test_brute_force_lockout_423
    assert 423 in codes, f"no 423 lockout, codes={codes}"
E   AssertionError: no 423 lockout, codes=[401, 401, 401, 401, 401, 401]
E   assert 423 in [401, 401, 401, 401, 401, 401]</failure></testcase><testcase classname="tests.test_edora_backend.TestAuth" name="test_register_cannot_escalate_to_teacher" time="0.523" /><testcase classname="tests.test_edora_backend.TestRoleGuard" name="test_student_blocked_get[/dashboard/stats]" time="0.384" /><testcase classname="tests.test_edora_backend.TestRoleGuard" name="test_student_blocked_get[/exams]" time="0.051" /><testcase classname="tests.test_edora_backend.TestRoleGuard" name="test_student_blocked_get[/attempts]" time="0.057" /><testcase classname="tests.test_edora_backend.TestRoleGuard" name="test_student_blocked_get[/analytics]" time="0.053" /><testcase classname="tests.test_edora_backend.TestRoleGuard" name="test_student_blocked_get[/questions/stats]" time="0.052" /><testcase classname="tests.test_edora_backend.TestRoleGuard" name="test_student_blocked_generate" time="0.062" /><testcase classname="tests.test_edora_backend.TestRoleGuard" name="test_anon_blocked" time="0.174" /><testcase classname="tests.test_edora_backend.TestCurriculum" name="test_curriculum" time="0.096" /><testcase classname="tests.test_edora_backend.TestCurriculum" name="test_question_stats_six_types" time="0.088" /><testcase classname="tests.test_edora_backend.TestGeneration" name="test_generate_variants_compliance_and_types" time="0.131" /><testcase classname="tests.test_edora_backend.TestGeneration" name="test_generate_diversity_low_overlap" time="0.098" /><testcase classname="tests.test_edora_backend.TestGeneration" name="test_generate_not_deterministic" time="0.175" /><testcase classname="tests.test_edora_backend.TestGeneration" name="test_generate_seed_reproducible" time="0.177" /><testcase classname="tests.test_edora_backend.TestGeneration" name="test_generate_bad_curriculum_400" time="0.081" /><testcase classname="tests.test_edora_backend.TestGeneration" name="test_generate_flat_payload_422" time="0.084" /><testcase classname="tests.test_edora_backend.TestPublish" name="test_publish_returns_code" time="0.461" /><testcase classname="tests.test_edora_backend.TestPublish" name="test_published_matches_preview" time="0.072" /><testcase classname="tests.test_edora_backend.TestPublish" name="test_publish_variant_index_1_matches_preview" time="0.265" /><testcase classname="tests.test_edora_backend.TestPublish" name="test_publish_without_qids_400" time="0.085" /><testcase classname="tests.test_edora_backend.TestPublish" name="test_exam_appears_in_list" time="0.068" /><testcase classname="tests.test_edora_backend.TestPublish" name="test_get_exam_404" time="0.078" /><testcase classname="tests.test_edora_backend.TestStudentSecurity" name="test_start_hides_answer_keys" time="0.117" /><testcase classname="tests.test_edora_backend.TestStudentSecurity" name="test_start_invalid_code_404" time="0.113" /><testcase classname="tests.test_edora_backend.TestStudentSecurity" name="test_malformed_object_id_returns_404" time="0.224" /><testcase classname="tests.test_edora_backend.TestStudentSecurity" name="test_mutations_require_matching_token" time="0.333" /><testcase classname="tests.test_edora_backend.TestStudentSecurity" name="test_student_cannot_set_integrity_score" time="0.319" /><testcase classname="tests.test_edora_backend.TestGradingFlow" name="test_submit_scores" time="1.623" /><testcase classname="tests.test_edora_backend.TestGradingFlow" name="test_ai_graded_descriptives" time="0.000" /><testcase classname="tests.test_edora_backend.TestGradingFlow" name="test_objective_graded_server_side" time="0.000" /><testcase classname="tests.test_edora_backend.TestGradingFlow" name="test_double_submit_rejected" time="0.134" /><testcase classname="tests.test_edora_backend.TestGradingFlow" name="test_attempt_visible_to_teacher" time="0.162" /><testcase classname="tests.test_edora_backend.TestGradingFlow" name="test_dashboard_reflects_real_data" time="0.100" /><testcase classname="tests.test_edora_backend.TestGradingFlow" name="test_analytics" time="1.411" /><testcase classname="tests.test_edora_backend.TestGradingFlow" name="test_analytics_insight_cached" time="0.187" /></testsuite></testsuites>