<?xml version="1.0" encoding="utf-8"?><testsuites name="pytest tests"><testsuite name="pytest" errors="0" failures="0" skipped="0" tests="17" time="8.989" timestamp="2026-08-23T06:05:48.350394+00:00" hostname="agent-env-1180227c-a576-4f17-9230-24259052afd6"><testcase classname="tests.test_admin_auth_v4.TestLogin" name="test_admin_login_by_username" time="2.208" /><testcase classname="tests.test_admin_auth_v4.TestLogin" name="test_teacher_login_by_username" time="0.313" /><testcase classname="tests.test_admin_auth_v4.TestLogin" name="test_teacher_login_by_email_backward_compat" time="0.329" /><testcase classname="tests.test_admin_auth_v4.TestLogin" name="test_login_rejects_email_key_payload" time="0.053" /><testcase classname="tests.test_admin_auth_v4.TestLogin" name="test_unknown_user_401" time="0.064" /><testcase classname="tests.test_admin_auth_v4.TestLogin" name="test_me_returns_portfolio_no_mongo_id" time="0.404" /><testcase classname="tests.test_admin_auth_v4.TestAdminTeachers" name="test_list_requires_admin" time="0.548" /><testcase classname="tests.test_admin_auth_v4.TestAdminTeachers" name="test_write_endpoints_require_admin" time="0.290" /><testcase classname="tests.test_admin_auth_v4.TestAdminTeachers" name="test_full_teacher_lifecycle" time="2.120" /><testcase classname="tests.test_admin_auth_v4.TestAdminTeachers" name="test_update_nonexistent_404" time="0.042" /><testcase classname="tests.test_admin_auth_v4.TestAdminTeachers" name="test_privilege_escalation_via_register_blocked" time="0.324" /><testcase classname="tests.test_admin_auth_v4.TestEngineRegression" name="test_teacher_can_load[/dashboard/stats]" time="0.048" /><testcase classname="tests.test_admin_auth_v4.TestEngineRegression" name="test_teacher_can_load[/curriculum]" time="0.046" /><testcase classname="tests.test_admin_auth_v4.TestEngineRegression" name="test_teacher_can_load[/exams]" time="0.049" /><testcase classname="tests.test_admin_auth_v4.TestEngineRegression" name="test_teacher_can_load[/attempts]" time="0.043" /><testcase classname="tests.test_admin_auth_v4.TestEngineRegression" name="test_teacher_can_load[/analytics]" time="1.596" /><testcase classname="tests.test_admin_auth_v4.TestEngineRegression" name="test_admin_blocked_from_teacher_engine" time="0.463" /></testsuite></testsuites>