<?xml version="1.0" encoding="utf-8"?><testsuites name="pytest tests"><testsuite name="pytest" errors="0" failures="0" skipped="1" tests="157" time="120.594" timestamp="2026-08-24T16:24:27.609349+00:00" hostname="agent-env-1180227c-a576-4f17-9230-24259052afd6"><testcase classname="tests.test_adaptive_and_exports.TestAdaptiveSessionAuth" name="test_create_requires_auth" time="0.288" /><testcase classname="tests.test_adaptive_and_exports.TestAdaptiveSessionAuth" name="test_admin_forbidden_create" time="0.517" /><testcase classname="tests.test_adaptive_and_exports.TestAdaptiveSessionAuth" name="test_admin_forbidden_list" time="0.070" /><testcase classname="tests.test_adaptive_and_exports.TestAdaptiveSessionAuth" name="test_admin_forbidden_detail_and_close" time="0.146" /><testcase classname="tests.test_adaptive_and_exports.TestAdaptiveSessionLifecycle" name="test_create_session" time="0.461" /><testcase classname="tests.test_adaptive_and_exports.TestAdaptiveSessionLifecycle" name="test_insufficient_questions_rejected" time="0.072" /><testcase classname="tests.test_adaptive_and_exports.TestAdaptiveSessionLifecycle" name="test_session_appears_in_list" time="0.081" /><testcase classname="tests.test_adaptive_and_exports.TestAdaptiveSessionLifecycle" name="test_detail_no_mongo_id" time="0.133" /><testcase classname="tests.test_adaptive_and_exports.TestAdaptiveSessionLifecycle" name="test_detail_lowercase_code_normalised" time="0.085" /><testcase classname="tests.test_adaptive_and_exports.TestAdaptiveSessionLifecycle" name="test_detail_unknown_code_404" time="0.075" /><testcase classname="tests.test_adaptive_and_exports.TestAdaptiveSessionLifecycle" name="test_join_and_adaptive_progression" time="0.387" /><testcase classname="tests.test_adaptive_and_exports.TestAdaptiveSessionLifecycle" name="test_floor_at_easy" time="0.645" /><testcase classname="tests.test_adaptive_and_exports.TestAdaptiveSessionLifecycle" name="test_rejoin_preserves_progress" time="0.157" /><testcase classname="tests.test_adaptive_and_exports.TestAdaptiveSessionLifecycle" name="test_teacher_monitor_sees_participants" time="0.099" /><testcase classname="tests.test_adaptive_and_exports.TestAdaptiveSessionLifecycle" name="test_join_unknown_code_404" time="0.139" /><testcase classname="tests.test_adaptive_and_exports.TestAdaptiveSessionLifecycle" name="test_join_blank_name_rejected" time="0.129" /><testcase classname="tests.test_adaptive_and_exports.TestAdaptiveSessionLifecycle" name="test_answer_without_join_404" time="0.370" /><testcase classname="tests.test_adaptive_and_exports.TestAdaptiveSessionLifecycle" name="test_zz_close_then_rejoin_rejected" time="0.437" /><testcase classname="tests.test_adaptive_and_exports.TestAdaptiveSessionLifecycle" name="test_zz_close_unknown_code_404" time="0.103" /><testcase classname="tests.test_adaptive_and_exports.TestInsightsAlerts" name="test_alerts_requires_auth" time="0.158" /><testcase classname="tests.test_adaptive_and_exports.TestInsightsAlerts" name="test_alerts_admin_forbidden" time="0.070" /><testcase classname="tests.test_adaptive_and_exports.TestInsightsAlerts" name="test_alerts_shape" time="0.067" /><testcase classname="tests.test_adaptive_and_exports.TestPdfExports" name="test_class_analytics_pdf" time="0.136" /><testcase classname="tests.test_adaptive_and_exports.TestPdfExports" name="test_ai_report_pdf" time="0.106" /><testcase classname="tests.test_adaptive_and_exports.TestPdfExports" name="test_pdf_requires_auth" time="0.257" /><testcase classname="tests.test_adaptive_and_exports.TestPdfExports" name="test_pdf_admin_forbidden" time="0.073" /><testcase classname="tests.test_adaptive_and_exports.TestPdfExports" name="test_pdf_unknown_class_handled" time="0.107" /><testcase classname="tests.test_adaptive_and_exports.TestPracticeVariety" name="test_generate_varies_between_calls" time="0.418" /><testcase classname="tests.test_adaptive_and_exports.TestRegressionSpotCheck" name="test_insights_endpoints_ok[/insights/meta-None]" time="0.062" /><testcase classname="tests.test_adaptive_and_exports.TestRegressionSpotCheck" name="test_insights_endpoints_ok[/insights/chapters-params1]" time="0.070" /><testcase classname="tests.test_adaptive_and_exports.TestRegressionSpotCheck" name="test_insights_endpoints_ok[/insights/question-trends-params2]" time="0.073" /><testcase classname="tests.test_adaptive_and_exports.TestRegressionSpotCheck" name="test_insights_endpoints_ok[/insights/chapter-weightage-params3]" time="0.073" /><testcase classname="tests.test_adaptive_and_exports.TestRegressionSpotCheck" name="test_insights_endpoints_ok[/insights/bank-health-None]" time="0.079" /><testcase classname="tests.test_adaptive_and_exports.TestRegressionSpotCheck" name="test_insights_endpoints_ok[/insights/students-None]" time="0.082" /><testcase classname="tests.test_adaptive_and_exports.TestRegressionSpotCheck" name="test_insights_endpoints_ok[/insights/classes-None]" time="0.068" /><testcase classname="tests.test_adaptive_and_exports.TestRegressionSpotCheck" name="test_insights_endpoints_ok[/insights/classes/10/analytics-None]" time="0.080" /><testcase classname="tests.test_adaptive_and_exports.TestRegressionSpotCheck" name="test_published_exams_ok" time="0.102" /><testcase classname="tests.test_admin_auth_v4.TestLogin" name="test_admin_login_by_username" time="0.432" /><testcase classname="tests.test_admin_auth_v4.TestLogin" name="test_teacher_login_by_username" time="0.352" /><testcase classname="tests.test_admin_auth_v4.TestLogin" name="test_teacher_login_by_email_backward_compat" time="0.366" /><testcase classname="tests.test_admin_auth_v4.TestLogin" name="test_login_rejects_email_key_payload" time="0.180" /><testcase classname="tests.test_admin_auth_v4.TestLogin" name="test_unknown_user_401" time="0.239" /><testcase classname="tests.test_admin_auth_v4.TestLogin" name="test_me_returns_portfolio_no_mongo_id" time="0.072" /><testcase classname="tests.test_admin_auth_v4.TestAdminTeachers" name="test_list_requires_admin" time="0.334" /><testcase classname="tests.test_admin_auth_v4.TestAdminTeachers" name="test_write_endpoints_require_admin" time="0.450" /><testcase classname="tests.test_admin_auth_v4.TestAdminTeachers" name="test_full_teacher_lifecycle" time="2.565" /><testcase classname="tests.test_admin_auth_v4.TestAdminTeachers" name="test_update_nonexistent_404" time="0.079" /><testcase classname="tests.test_admin_auth_v4.TestAdminTeachers" name="test_privilege_escalation_via_register_blocked" time="0.442" /><testcase classname="tests.test_admin_auth_v4.TestEngineRegression" name="test_teacher_can_load[/dashboard/stats]" time="0.082" /><testcase classname="tests.test_admin_auth_v4.TestEngineRegression" name="test_teacher_can_load[/curriculum]" time="0.064" /><testcase classname="tests.test_admin_auth_v4.TestEngineRegression" name="test_teacher_can_load[/exams]" time="0.087" /><testcase classname="tests.test_admin_auth_v4.TestEngineRegression" name="test_teacher_can_load[/attempts]" time="0.066" /><testcase classname="tests.test_admin_auth_v4.TestEngineRegression" name="test_teacher_can_load[/analytics]" time="2.136" /><testcase classname="tests.test_admin_auth_v4.TestEngineRegression" name="test_admin_blocked_from_teacher_engine" time="0.617" /><testcase classname="tests.test_edora_backend" name="test_health" time="0.215" /><testcase classname="tests.test_edora_backend.TestAuth" name="test_login_teacher_sets_httponly_cookies" time="0.384" /><testcase classname="tests.test_edora_backend.TestAuth" name="test_login_invalid_password" time="0.368" /><testcase classname="tests.test_edora_backend.TestAuth" name="test_me_requires_auth" time="0.342" /><testcase classname="tests.test_edora_backend.TestAuth" name="test_me_teacher" time="0.065" /><testcase classname="tests.test_edora_backend.TestAuth" name="test_bcrypt_hash_format" time="0.075" /><testcase classname="tests.test_edora_backend.TestAuth" name="test_brute_force_lockout_423" time="0.654" /><testcase classname="tests.test_edora_backend.TestAuth" name="test_register_cannot_escalate_to_teacher" time="0.545" /><testcase classname="tests.test_edora_backend.TestRoleGuard" name="test_student_blocked_get[/dashboard/stats]" time="0.447" /><testcase classname="tests.test_edora_backend.TestRoleGuard" name="test_student_blocked_get[/exams]" time="0.076" /><testcase classname="tests.test_edora_backend.TestRoleGuard" name="test_student_blocked_get[/attempts]" time="0.067" /><testcase classname="tests.test_edora_backend.TestRoleGuard" name="test_student_blocked_get[/analytics]" time="0.072" /><testcase classname="tests.test_edora_backend.TestRoleGuard" name="test_student_blocked_get[/questions/stats]" time="0.071" /><testcase classname="tests.test_edora_backend.TestRoleGuard" name="test_student_blocked_generate" time="0.067" /><testcase classname="tests.test_edora_backend.TestRoleGuard" name="test_anon_blocked" time="0.217" /><testcase classname="tests.test_edora_backend.TestCurriculum" name="test_curriculum" time="0.065" /><testcase classname="tests.test_edora_backend.TestCurriculum" name="test_question_stats_six_types" time="0.067" /><testcase classname="tests.test_edora_backend.TestGeneration" name="test_generate_variants_compliance_and_types" time="0.070" /><testcase classname="tests.test_edora_backend.TestGeneration" name="test_generate_diversity_low_overlap" time="0.079" /><testcase classname="tests.test_edora_backend.TestGeneration" name="test_generate_not_deterministic" time="0.134" /><testcase classname="tests.test_edora_backend.TestGeneration" name="test_generate_seed_reproducible" time="0.132" /><testcase classname="tests.test_edora_backend.TestGeneration" name="test_generate_bad_curriculum_400" time="0.065" /><testcase classname="tests.test_edora_backend.TestGeneration" name="test_generate_flat_payload_422" time="0.063" /><testcase classname="tests.test_edora_backend.TestPublish" name="test_publish_returns_code" time="0.667" /><testcase classname="tests.test_edora_backend.TestPublish" name="test_published_matches_preview" time="0.096" /><testcase classname="tests.test_edora_backend.TestPublish" name="test_publish_variant_index_1_matches_preview" time="0.206" /><testcase classname="tests.test_edora_backend.TestPublish" name="test_publish_without_qids_400" time="0.065" /><testcase classname="tests.test_edora_backend.TestPublish" name="test_exam_appears_in_list" time="0.100" /><testcase classname="tests.test_edora_backend.TestPublish" name="test_get_exam_404" time="0.060" /><testcase classname="tests.test_edora_backend.TestStudentSecurity" name="test_start_hides_answer_keys" time="0.171" /><testcase classname="tests.test_edora_backend.TestStudentSecurity" name="test_start_invalid_code_404" time="0.160" /><testcase classname="tests.test_edora_backend.TestStudentSecurity" name="test_malformed_object_id_returns_404" time="0.321" /><testcase classname="tests.test_edora_backend.TestStudentSecurity" name="test_mutations_require_matching_token" time="0.373" /><testcase classname="tests.test_edora_backend.TestStudentSecurity" name="test_student_cannot_set_integrity_score" time="0.681" /><testcase classname="tests.test_edora_backend.TestGradingFlow" name="test_submit_scores" time="3.135" /><testcase classname="tests.test_edora_backend.TestGradingFlow" name="test_ai_graded_descriptives" time="0.000" /><testcase classname="tests.test_edora_backend.TestGradingFlow" name="test_objective_graded_server_side" time="0.000" /><testcase classname="tests.test_edora_backend.TestGradingFlow" name="test_double_submit_rejected" time="0.149" /><testcase classname="tests.test_edora_backend.TestGradingFlow" name="test_attempt_visible_to_teacher" time="0.148" /><testcase classname="tests.test_edora_backend.TestGradingFlow" name="test_dashboard_reflects_real_data" time="0.082" /><testcase classname="tests.test_edora_backend.TestGradingFlow" name="test_analytics" time="1.934" /><testcase classname="tests.test_edora_backend.TestGradingFlow" name="test_analytics_insight_cached" time="0.165" /><testcase classname="tests.test_edora_v3_features.TestDualModeAuth" name="test_login_returns_token_field" time="30.491" /><testcase classname="tests.test_edora_v3_features.TestDualModeAuth" name="test_me_with_bearer_only_no_cookies" time="30.815" /><testcase classname="tests.test_edora_v3_features.TestDualModeAuth" name="test_me_with_cookie_only" time="0.570" /><testcase classname="tests.test_edora_v3_features.TestDualModeAuth" name="test_register_returns_token_and_student_role" time="0.792" /><testcase classname="tests.test_edora_v3_features.TestDualModeAuth" name="test_bad_bearer_token_401" time="0.170" /><testcase classname="tests.test_edora_v3_features.TestDualModeAuth" name="test_logout_clears_cookies" time="0.516" /><testcase classname="tests.test_edora_v3_features.TestDualModeAuth" name="test_brute_force_lockout_423_throwaway_email" time="0.483" /><testcase classname="tests.test_edora_v3_features.TestQuestionGeneration" name="test_generate_inserts_into_bank" time="5.776" /><testcase classname="tests.test_edora_v3_features.TestQuestionGeneration" name="test_generate_mcq_has_options" time="3.806"><skipped type="pytest.skip" message="all generated MCQs were duplicates of the bank">/app/backend/tests/test_edora_v3_features.py:139: all generated MCQs were duplicates of the bank</skipped></testcase><testcase classname="tests.test_edora_v3_features.TestQuestionGeneration" name="test_generate_requires_teacher" time="0.652" /><testcase classname="tests.test_edora_v3_features.TestQuestionGeneration" name="test_generate_validation_422" time="0.058" /><testcase classname="tests.test_edora_v3_features.TestPdfExport" name="test_exam_pdf" time="0.209" /><testcase classname="tests.test_edora_v3_features.TestPdfExport" name="test_exam_pdf_404" time="0.074" /><testcase classname="tests.test_edora_v3_features.TestPdfExport" name="test_exam_pdf_guarded" time="0.601" /><testcase classname="tests.test_edora_v3_features.TestPdfExport" name="test_attempt_pdf" time="3.287" /><testcase classname="tests.test_edora_v3_features.TestPdfExport" name="test_attempt_pdf_bad_id_404" time="0.062" /><testcase classname="tests.test_edora_v3_features.TestLiveProctoring" name="test_live_feed_lifecycle" time="0.421" /><testcase classname="tests.test_edora_v3_features.TestLiveProctoring" name="test_live_feed_guarded" time="0.887" /><testcase classname="tests.test_edora_v3_features.TestFaceVerification" name="test_start_without_photo_returns_identity_check_skipped" time="0.139" /><testcase classname="tests.test_edora_v3_features.TestFaceVerification" name="test_start_with_photo_runs_vision_identity_check" time="1.464" /><testcase classname="tests.test_edora_v3_features.TestFaceVerification" name="test_face_check_token_guard_and_match" time="3.194" /><testcase classname="tests.test_edora_v3_features.TestFaceVerification" name="test_face_mismatch_penalises_integrity" time="2.555" /><testcase classname="tests.test_insights.TestInsightsAuth" name="test_requires_auth[/insights/meta]" time="0.134" /><testcase classname="tests.test_insights.TestInsightsAuth" name="test_requires_auth[/insights/chapters]" time="0.151" /><testcase classname="tests.test_insights.TestInsightsAuth" name="test_requires_auth[/insights/question-trends]" time="0.408" /><testcase classname="tests.test_insights.TestInsightsAuth" name="test_requires_auth[/insights/chapter-weightage]" time="0.149" /><testcase classname="tests.test_insights.TestInsightsAuth" name="test_requires_auth[/insights/bank-health]" time="0.131" /><testcase classname="tests.test_insights.TestInsightsAuth" name="test_requires_auth[/insights/students]" time="0.151" /><testcase classname="tests.test_insights.TestInsightsAuth" name="test_requires_auth[/insights/classes]" time="0.117" /><testcase classname="tests.test_insights.TestInsightsAuth" name="test_requires_auth[/insights/adaptive/questions]" time="0.149" /><testcase classname="tests.test_insights.TestInsightsAuth" name="test_practice_generate_requires_auth" time="0.153" /><testcase classname="tests.test_insights.TestInsightsAuth" name="test_bad_token_rejected" time="0.142" /><testcase classname="tests.test_insights.TestInsightsAuth" name="test_admin_token_behaviour" time="0.118" /><testcase classname="tests.test_insights.TestMeta" name="test_meta" time="0.079" /><testcase classname="tests.test_insights.TestChapterIntelligence" name="test_list_chapters_unfiltered" time="0.080" /><testcase classname="tests.test_insights.TestChapterIntelligence" name="test_list_chapters_filters" time="0.232" /><testcase classname="tests.test_insights.TestChapterIntelligence" name="test_chapter_stats_sums" time="0.152" /><testcase classname="tests.test_insights.TestChapterIntelligence" name="test_chapter_stats_404" time="0.072" /><testcase classname="tests.test_insights.TestChapterIntelligence" name="test_chapter_stats_missing_params" time="0.076" /><testcase classname="tests.test_insights.TestQuestionTrends" name="test_trends" time="0.134" /><testcase classname="tests.test_insights.TestQuestionTrends" name="test_trends_subject_filter" time="0.137" /><testcase classname="tests.test_insights.TestExamPatterns" name="test_weightage" time="0.069" /><testcase classname="tests.test_insights.TestExamPatterns" name="test_weightage_subject_filter" time="0.125" /><testcase classname="tests.test_insights.TestBankHealth" name="test_bank_health" time="0.071" /><testcase classname="tests.test_insights.TestStudentProfiles" name="test_list_students" time="0.075" /><testcase classname="tests.test_insights.TestStudentProfiles" name="test_list_students_class_filter" time="0.168" /><testcase classname="tests.test_insights.TestStudentProfiles" name="test_student_summary_and_mastery" time="0.383" /><testcase classname="tests.test_insights.TestStudentProfiles" name="test_unknown_student_404" time="0.095" /><testcase classname="tests.test_insights.TestClassAnalytics" name="test_list_classes" time="0.079" /><testcase classname="tests.test_insights.TestClassAnalytics" name="test_class_analytics" time="0.184" /><testcase classname="tests.test_insights.TestClassAnalytics" name="test_class_analytics_404" time="0.095" /><testcase classname="tests.test_insights.TestAiInsights" name="test_teaching_recommendations" time="0.188" /><testcase classname="tests.test_insights.TestAiInsights" name="test_students_at_risk" time="0.090" /><testcase classname="tests.test_insights.TestAiInsights" name="test_mistake_profile" time="0.073" /><testcase classname="tests.test_insights.TestPracticeGenerator" name="test_generate_returns_real_questions" time="0.143" /><testcase classname="tests.test_insights.TestPracticeGenerator" name="test_count_clamped_to_max" time="0.145" /><testcase classname="tests.test_insights.TestPracticeGenerator" name="test_unknown_student_404" time="0.071" /><testcase classname="tests.test_insights.TestPracticeGenerator" name="test_missing_body_422" time="0.061" /><testcase classname="tests.test_insights.TestAdaptive" name="test_adaptive_questions" time="0.154" /><testcase classname="tests.test_insights.TestAdaptive" name="test_adaptive_404" time="0.100" /><testcase classname="tests.test_insights.TestRegressionExistingEngine" name="test_core_teacher_endpoints" time="0.418" /></testsuite></testsuites>