<?xml version="1.0" encoding="utf-8"?><testsuites name="pytest tests"><testsuite name="pytest" errors="0" failures="6" skipped="1" tests="64" time="28.357" timestamp="2026-08-23T06:06:04.108474+00:00" hostname="agent-env-1180227c-a576-4f17-9230-24259052afd6"><testcase classname="tests.test_edora_backend" name="test_health" time="0.140" /><testcase classname="tests.test_edora_backend.TestAuth" name="test_login_teacher_sets_httponly_cookies" time="0.269"><failure message="KeyError: 'email'">E   KeyError: 'email'</failure></testcase><testcase classname="tests.test_edora_backend.TestAuth" name="test_login_invalid_password" time="0.000"><failure message="KeyError: 'email'">E   KeyError: 'email'</failure></testcase><testcase classname="tests.test_edora_backend.TestAuth" name="test_me_requires_auth" time="0.127" /><testcase classname="tests.test_edora_backend.TestAuth" name="test_me_teacher" time="0.361" /><testcase classname="tests.test_edora_backend.TestAuth" name="test_bcrypt_hash_format" time="0.068"><failure message="KeyError: 'email'">E   KeyError: 'email'</failure></testcase><testcase classname="tests.test_edora_backend.TestAuth" name="test_brute_force_lockout_423" time="0.293"><failure message="AssertionError: no 423 lockout, codes=[422, 422, 422, 422, 422, 422]&#10;assert 423 in [422, 422, 422, 422, 422, 422]">E   AssertionError: no 423 lockout, codes=[422, 422, 422, 422, 422, 422]
    assert 423 in [422, 422, 422, 422, 422, 422]</failure></testcase><testcase classname="tests.test_edora_backend.TestAuth" name="test_register_cannot_escalate_to_teacher" time="0.404" /><testcase classname="tests.test_edora_backend.TestRoleGuard" name="test_student_blocked_get[/dashboard/stats]" time="0.362" /><testcase classname="tests.test_edora_backend.TestRoleGuard" name="test_student_blocked_get[/exams]" time="0.049" /><testcase classname="tests.test_edora_backend.TestRoleGuard" name="test_student_blocked_get[/attempts]" time="0.043" /><testcase classname="tests.test_edora_backend.TestRoleGuard" name="test_student_blocked_get[/analytics]" time="0.041" /><testcase classname="tests.test_edora_backend.TestRoleGuard" name="test_student_blocked_get[/questions/stats]" time="0.041" /><testcase classname="tests.test_edora_backend.TestRoleGuard" name="test_student_blocked_generate" time="0.064" /><testcase classname="tests.test_edora_backend.TestRoleGuard" name="test_anon_blocked" time="0.136" /><testcase classname="tests.test_edora_backend.TestCurriculum" name="test_curriculum" time="0.040" /><testcase classname="tests.test_edora_backend.TestCurriculum" name="test_question_stats_six_types" time="0.046" /><testcase classname="tests.test_edora_backend.TestGeneration" name="test_generate_variants_compliance_and_types" time="0.061" /><testcase classname="tests.test_edora_backend.TestGeneration" name="test_generate_diversity_low_overlap" time="0.044" /><testcase classname="tests.test_edora_backend.TestGeneration" name="test_generate_not_deterministic" time="0.089" /><testcase classname="tests.test_edora_backend.TestGeneration" name="test_generate_seed_reproducible" time="0.089" /><testcase classname="tests.test_edora_backend.TestGeneration" name="test_generate_bad_curriculum_400" time="0.041" /><testcase classname="tests.test_edora_backend.TestGeneration" name="test_generate_flat_payload_422" time="0.040" /><testcase classname="tests.test_edora_backend.TestPublish" name="test_publish_returns_code" time="0.418" /><testcase classname="tests.test_edora_backend.TestPublish" name="test_published_matches_preview" time="0.044" /><testcase classname="tests.test_edora_backend.TestPublish" name="test_publish_variant_index_1_matches_preview" time="0.126" /><testcase classname="tests.test_edora_backend.TestPublish" name="test_publish_without_qids_400" time="0.041" /><testcase classname="tests.test_edora_backend.TestPublish" name="test_exam_appears_in_list" time="0.050" /><testcase classname="tests.test_edora_backend.TestPublish" name="test_get_exam_404" time="0.042" /><testcase classname="tests.test_edora_backend.TestStudentSecurity" name="test_start_hides_answer_keys" time="0.187" /><testcase classname="tests.test_edora_backend.TestStudentSecurity" name="test_start_invalid_code_404" time="0.094" /><testcase classname="tests.test_edora_backend.TestStudentSecurity" name="test_malformed_object_id_returns_404" time="0.183" /><testcase classname="tests.test_edora_backend.TestStudentSecurity" name="test_mutations_require_matching_token" time="0.451" /><testcase classname="tests.test_edora_backend.TestStudentSecurity" name="test_student_cannot_set_integrity_score" time="0.261" /><testcase classname="tests.test_edora_backend.TestGradingFlow" name="test_submit_scores" time="1.451" /><testcase classname="tests.test_edora_backend.TestGradingFlow" name="test_ai_graded_descriptives" time="0.000" /><testcase classname="tests.test_edora_backend.TestGradingFlow" name="test_objective_graded_server_side" time="0.000" /><testcase classname="tests.test_edora_backend.TestGradingFlow" name="test_double_submit_rejected" time="0.118" /><testcase classname="tests.test_edora_backend.TestGradingFlow" name="test_attempt_visible_to_teacher" time="0.081" /><testcase classname="tests.test_edora_backend.TestGradingFlow" name="test_dashboard_reflects_real_data" time="0.069" /><testcase classname="tests.test_edora_backend.TestGradingFlow" name="test_analytics" time="1.197" /><testcase classname="tests.test_edora_backend.TestGradingFlow" name="test_analytics_insight_cached" time="0.093" /><testcase classname="tests.test_edora_v3_features.TestDualModeAuth" name="test_login_returns_token_field" time="0.329"><failure message="KeyError: 'email'">E   KeyError: 'email'</failure></testcase><testcase classname="tests.test_edora_v3_features.TestDualModeAuth" name="test_me_with_bearer_only_no_cookies" time="0.468" /><testcase classname="tests.test_edora_v3_features.TestDualModeAuth" name="test_me_with_cookie_only" time="0.364" /><testcase classname="tests.test_edora_v3_features.TestDualModeAuth" name="test_register_returns_token_and_student_role" time="0.411" /><testcase classname="tests.test_edora_v3_features.TestDualModeAuth" name="test_bad_bearer_token_401" time="0.095" /><testcase classname="tests.test_edora_v3_features.TestDualModeAuth" name="test_logout_clears_cookies" time="0.400" /><testcase classname="tests.test_edora_v3_features.TestDualModeAuth" name="test_brute_force_lockout_423_throwaway_email" time="0.302"><failure message="AssertionError: no lockout, codes=[422, 422, 422, 422, 422, 422]&#10;assert 423 in [422, 422, 422, 422, 422, 422]">E   AssertionError: no lockout, codes=[422, 422, 422, 422, 422, 422]
    assert 423 in [422, 422, 422, 422, 422, 422]</failure></testcase><testcase classname="tests.test_edora_v3_features.TestQuestionGeneration" name="test_generate_inserts_into_bank" time="5.264" /><testcase classname="tests.test_edora_v3_features.TestQuestionGeneration" name="test_generate_mcq_has_options" time="2.558"><skipped type="pytest.skip" message="all generated MCQs were duplicates of the bank">/app/backend/tests/test_edora_v3_features.py:139: all generated MCQs were duplicates of the bank</skipped></testcase><testcase classname="tests.test_edora_v3_features.TestQuestionGeneration" name="test_generate_requires_teacher" time="0.480" /><testcase classname="tests.test_edora_v3_features.TestQuestionGeneration" name="test_generate_validation_422" time="0.040" /><testcase classname="tests.test_edora_v3_features.TestPdfExport" name="test_exam_pdf" time="0.422" /><testcase classname="tests.test_edora_v3_features.TestPdfExport" name="test_exam_pdf_404" time="0.041" /><testcase classname="tests.test_edora_v3_features.TestPdfExport" name="test_exam_pdf_guarded" time="0.455" /><testcase classname="tests.test_edora_v3_features.TestPdfExport" name="test_attempt_pdf" time="2.539" /><testcase classname="tests.test_edora_v3_features.TestPdfExport" name="test_attempt_pdf_bad_id_404" time="0.042" /><testcase classname="tests.test_edora_v3_features.TestLiveProctoring" name="test_live_feed_lifecycle" time="0.280" /><testcase classname="tests.test_edora_v3_features.TestLiveProctoring" name="test_live_feed_guarded" time="0.451" /><testcase classname="tests.test_edora_v3_features.TestFaceVerification" name="test_start_without_photo_returns_identity_check_skipped" time="0.098" /><testcase classname="tests.test_edora_v3_features.TestFaceVerification" name="test_start_with_photo_runs_vision_identity_check" time="1.244" /><testcase classname="tests.test_edora_v3_features.TestFaceVerification" name="test_face_check_token_guard_and_match" time="2.078" /><testcase classname="tests.test_edora_v3_features.TestFaceVerification" name="test_face_mismatch_penalises_integrity" time="2.113" /></testsuite></testsuites>