<?xml version="1.0" encoding="utf-8"?><testsuites name="pytest tests"><testsuite name="pytest" errors="0" failures="0" skipped="0" tests="81" time="38.204" timestamp="2026-08-23T06:06:48.722277+00:00" hostname="agent-env-1180227c-a576-4f17-9230-24259052afd6"><testcase classname="tests.test_admin_auth_v4.TestLogin" name="test_admin_login_by_username" time="2.626" /><testcase classname="tests.test_admin_auth_v4.TestLogin" name="test_teacher_login_by_username" time="0.274" /><testcase classname="tests.test_admin_auth_v4.TestLogin" name="test_teacher_login_by_email_backward_compat" time="0.270" /><testcase classname="tests.test_admin_auth_v4.TestLogin" name="test_login_rejects_email_key_payload" time="0.046" /><testcase classname="tests.test_admin_auth_v4.TestLogin" name="test_unknown_user_401" time="0.045" /><testcase classname="tests.test_admin_auth_v4.TestLogin" name="test_me_returns_portfolio_no_mongo_id" time="0.354" /><testcase classname="tests.test_admin_auth_v4.TestAdminTeachers" name="test_list_requires_admin" time="0.487" /><testcase classname="tests.test_admin_auth_v4.TestAdminTeachers" name="test_write_endpoints_require_admin" time="0.262" /><testcase classname="tests.test_admin_auth_v4.TestAdminTeachers" name="test_full_teacher_lifecycle" time="1.886" /><testcase classname="tests.test_admin_auth_v4.TestAdminTeachers" name="test_update_nonexistent_404" time="0.040" /><testcase classname="tests.test_admin_auth_v4.TestAdminTeachers" name="test_privilege_escalation_via_register_blocked" time="0.291" /><testcase classname="tests.test_admin_auth_v4.TestEngineRegression" name="test_teacher_can_load[/dashboard/stats]" time="0.059" /><testcase classname="tests.test_admin_auth_v4.TestEngineRegression" name="test_teacher_can_load[/curriculum]" time="0.044" /><testcase classname="tests.test_admin_auth_v4.TestEngineRegression" name="test_teacher_can_load[/exams]" time="0.050" /><testcase classname="tests.test_admin_auth_v4.TestEngineRegression" name="test_teacher_can_load[/attempts]" time="0.054" /><testcase classname="tests.test_admin_auth_v4.TestEngineRegression" name="test_teacher_can_load[/analytics]" time="1.203" /><testcase classname="tests.test_admin_auth_v4.TestEngineRegression" name="test_admin_blocked_from_teacher_engine" time="0.430" /><testcase classname="tests.test_edora_backend" name="test_health" time="0.047" /><testcase classname="tests.test_edora_backend.TestAuth" name="test_login_teacher_sets_httponly_cookies" time="0.267" /><testcase classname="tests.test_edora_backend.TestAuth" name="test_login_invalid_password" time="0.272" /><testcase classname="tests.test_edora_backend.TestAuth" name="test_me_requires_auth" time="0.111" /><testcase classname="tests.test_edora_backend.TestAuth" name="test_me_teacher" time="0.041" /><testcase classname="tests.test_edora_backend.TestAuth" name="test_bcrypt_hash_format" time="0.073" /><testcase classname="tests.test_edora_backend.TestAuth" name="test_brute_force_lockout_423" time="0.313" /><testcase classname="tests.test_edora_backend.TestAuth" name="test_register_cannot_escalate_to_teacher" time="0.407" /><testcase classname="tests.test_edora_backend.TestRoleGuard" name="test_student_blocked_get[/dashboard/stats]" time="0.380" /><testcase classname="tests.test_edora_backend.TestRoleGuard" name="test_student_blocked_get[/exams]" time="0.046" /><testcase classname="tests.test_edora_backend.TestRoleGuard" name="test_student_blocked_get[/attempts]" time="0.043" /><testcase classname="tests.test_edora_backend.TestRoleGuard" name="test_student_blocked_get[/analytics]" time="0.044" /><testcase classname="tests.test_edora_backend.TestRoleGuard" name="test_student_blocked_get[/questions/stats]" time="0.043" /><testcase classname="tests.test_edora_backend.TestRoleGuard" name="test_student_blocked_generate" time="0.044" /><testcase classname="tests.test_edora_backend.TestRoleGuard" name="test_anon_blocked" time="0.155" /><testcase classname="tests.test_edora_backend.TestCurriculum" name="test_curriculum" time="0.044" /><testcase classname="tests.test_edora_backend.TestCurriculum" name="test_question_stats_six_types" time="0.052" /><testcase classname="tests.test_edora_backend.TestGeneration" name="test_generate_variants_compliance_and_types" time="0.059" /><testcase classname="tests.test_edora_backend.TestGeneration" name="test_generate_diversity_low_overlap" time="0.057" /><testcase classname="tests.test_edora_backend.TestGeneration" name="test_generate_not_deterministic" time="0.096" /><testcase classname="tests.test_edora_backend.TestGeneration" name="test_generate_seed_reproducible" time="0.105" /><testcase classname="tests.test_edora_backend.TestGeneration" name="test_generate_bad_curriculum_400" time="0.042" /><testcase classname="tests.test_edora_backend.TestGeneration" name="test_generate_flat_payload_422" time="0.044" /><testcase classname="tests.test_edora_backend.TestPublish" name="test_publish_returns_code" time="0.406" /><testcase classname="tests.test_edora_backend.TestPublish" name="test_published_matches_preview" time="0.043" /><testcase classname="tests.test_edora_backend.TestPublish" name="test_publish_variant_index_1_matches_preview" time="0.136" /><testcase classname="tests.test_edora_backend.TestPublish" name="test_publish_without_qids_400" time="0.065" /><testcase classname="tests.test_edora_backend.TestPublish" name="test_exam_appears_in_list" time="0.057" /><testcase classname="tests.test_edora_backend.TestPublish" name="test_get_exam_404" time="0.043" /><testcase classname="tests.test_edora_backend.TestStudentSecurity" name="test_start_hides_answer_keys" time="0.115" /><testcase classname="tests.test_edora_backend.TestStudentSecurity" name="test_start_invalid_code_404" time="0.097" /><testcase classname="tests.test_edora_backend.TestStudentSecurity" name="test_malformed_object_id_returns_404" time="0.177" /><testcase classname="tests.test_edora_backend.TestStudentSecurity" name="test_mutations_require_matching_token" time="0.296" /><testcase classname="tests.test_edora_backend.TestStudentSecurity" name="test_student_cannot_set_integrity_score" time="0.260" /><testcase classname="tests.test_edora_backend.TestGradingFlow" name="test_submit_scores" time="1.415" /><testcase classname="tests.test_edora_backend.TestGradingFlow" name="test_ai_graded_descriptives" time="0.000" /><testcase classname="tests.test_edora_backend.TestGradingFlow" name="test_objective_graded_server_side" time="0.000" /><testcase classname="tests.test_edora_backend.TestGradingFlow" name="test_double_submit_rejected" time="0.111" /><testcase classname="tests.test_edora_backend.TestGradingFlow" name="test_attempt_visible_to_teacher" time="0.091" /><testcase classname="tests.test_edora_backend.TestGradingFlow" name="test_dashboard_reflects_real_data" time="0.050" /><testcase classname="tests.test_edora_backend.TestGradingFlow" name="test_analytics" time="1.521" /><testcase classname="tests.test_edora_backend.TestGradingFlow" name="test_analytics_insight_cached" time="0.097" /><testcase classname="tests.test_edora_v3_features.TestDualModeAuth" name="test_login_returns_token_field" time="0.335" /><testcase classname="tests.test_edora_v3_features.TestDualModeAuth" name="test_me_with_bearer_only_no_cookies" time="0.464" /><testcase classname="tests.test_edora_v3_features.TestDualModeAuth" name="test_me_with_cookie_only" time="0.369" /><testcase classname="tests.test_edora_v3_features.TestDualModeAuth" name="test_register_returns_token_and_student_role" time="0.424" /><testcase classname="tests.test_edora_v3_features.TestDualModeAuth" name="test_bad_bearer_token_401" time="0.125" /><testcase classname="tests.test_edora_v3_features.TestDualModeAuth" name="test_logout_clears_cookies" time="0.407" /><testcase classname="tests.test_edora_v3_features.TestDualModeAuth" name="test_brute_force_lockout_423_throwaway_email" time="0.312" /><testcase classname="tests.test_edora_v3_features.TestQuestionGeneration" name="test_generate_inserts_into_bank" time="5.244" /><testcase classname="tests.test_edora_v3_features.TestQuestionGeneration" name="test_generate_mcq_has_options" time="2.112" /><testcase classname="tests.test_edora_v3_features.TestQuestionGeneration" name="test_generate_requires_teacher" time="0.504" /><testcase classname="tests.test_edora_v3_features.TestQuestionGeneration" name="test_generate_validation_422" time="0.044" /><testcase classname="tests.test_edora_v3_features.TestPdfExport" name="test_exam_pdf" time="0.196" /><testcase classname="tests.test_edora_v3_features.TestPdfExport" name="test_exam_pdf_404" time="0.040" /><testcase classname="tests.test_edora_v3_features.TestPdfExport" name="test_exam_pdf_guarded" time="0.490" /><testcase classname="tests.test_edora_v3_features.TestPdfExport" name="test_attempt_pdf" time="2.229" /><testcase classname="tests.test_edora_v3_features.TestPdfExport" name="test_attempt_pdf_bad_id_404" time="0.042" /><testcase classname="tests.test_edora_v3_features.TestLiveProctoring" name="test_live_feed_lifecycle" time="0.272" /><testcase classname="tests.test_edora_v3_features.TestLiveProctoring" name="test_live_feed_guarded" time="0.452" /><testcase classname="tests.test_edora_v3_features.TestFaceVerification" name="test_start_without_photo_returns_identity_check_skipped" time="0.131" /><testcase classname="tests.test_edora_v3_features.TestFaceVerification" name="test_start_with_photo_runs_vision_identity_check" time="2.407" /><testcase classname="tests.test_edora_v3_features.TestFaceVerification" name="test_face_check_token_guard_and_match" time="2.408" /><testcase classname="tests.test_edora_v3_features.TestFaceVerification" name="test_face_mismatch_penalises_integrity" time="2.870" /></testsuite></testsuites>