<?xml version="1.0" encoding="utf-8"?><testsuites name="pytest tests"><testsuite name="pytest" errors="0" failures="0" skipped="0" tests="64" time="30.352" timestamp="2026-08-22T15:53:55.421407+00:00" hostname="agent-env-1180227c-a576-4f17-9230-24259052afd6"><testcase classname="test_edora_backend" name="test_health" time="0.138" /><testcase classname="test_edora_backend.TestAuth" name="test_login_teacher_sets_httponly_cookies" time="0.284" /><testcase classname="test_edora_backend.TestAuth" name="test_login_invalid_password" time="0.272" /><testcase classname="test_edora_backend.TestAuth" name="test_me_requires_auth" time="0.124" /><testcase classname="test_edora_backend.TestAuth" name="test_me_teacher" time="0.391" /><testcase classname="test_edora_backend.TestAuth" name="test_bcrypt_hash_format" time="0.071" /><testcase classname="test_edora_backend.TestAuth" name="test_brute_force_lockout_423" time="0.494" /><testcase classname="test_edora_backend.TestAuth" name="test_register_cannot_escalate_to_teacher" time="0.512" /><testcase classname="test_edora_backend.TestRoleGuard" name="test_student_blocked_get[/dashboard/stats]" time="0.404" /><testcase classname="test_edora_backend.TestRoleGuard" name="test_student_blocked_get[/exams]" time="0.059" /><testcase classname="test_edora_backend.TestRoleGuard" name="test_student_blocked_get[/attempts]" time="0.095" /><testcase classname="test_edora_backend.TestRoleGuard" name="test_student_blocked_get[/analytics]" time="0.056" /><testcase classname="test_edora_backend.TestRoleGuard" name="test_student_blocked_get[/questions/stats]" time="0.059" /><testcase classname="test_edora_backend.TestRoleGuard" name="test_student_blocked_generate" time="0.058" /><testcase classname="test_edora_backend.TestRoleGuard" name="test_anon_blocked" time="0.188" /><testcase classname="test_edora_backend.TestCurriculum" name="test_curriculum" time="0.051" /><testcase classname="test_edora_backend.TestCurriculum" name="test_question_stats_six_types" time="0.058" /><testcase classname="test_edora_backend.TestGeneration" name="test_generate_variants_compliance_and_types" time="0.095" /><testcase classname="test_edora_backend.TestGeneration" name="test_generate_diversity_low_overlap" time="0.054" /><testcase classname="test_edora_backend.TestGeneration" name="test_generate_not_deterministic" time="0.104" /><testcase classname="test_edora_backend.TestGeneration" name="test_generate_seed_reproducible" time="0.107" /><testcase classname="test_edora_backend.TestGeneration" name="test_generate_bad_curriculum_400" time="0.053" /><testcase classname="test_edora_backend.TestGeneration" name="test_generate_flat_payload_422" time="0.052" /><testcase classname="test_edora_backend.TestPublish" name="test_publish_returns_code" time="0.463" /><testcase classname="test_edora_backend.TestPublish" name="test_published_matches_preview" time="0.052" /><testcase classname="test_edora_backend.TestPublish" name="test_publish_variant_index_1_matches_preview" time="0.154" /><testcase classname="test_edora_backend.TestPublish" name="test_publish_without_qids_400" time="0.048" /><testcase classname="test_edora_backend.TestPublish" name="test_exam_appears_in_list" time="0.057" /><testcase classname="test_edora_backend.TestPublish" name="test_get_exam_404" time="0.055" /><testcase classname="test_edora_backend.TestStudentSecurity" name="test_start_hides_answer_keys" time="0.123" /><testcase classname="test_edora_backend.TestStudentSecurity" name="test_start_invalid_code_404" time="0.113" /><testcase classname="test_edora_backend.TestStudentSecurity" name="test_malformed_object_id_returns_404" time="0.241" /><testcase classname="test_edora_backend.TestStudentSecurity" name="test_mutations_require_matching_token" time="0.323" /><testcase classname="test_edora_backend.TestStudentSecurity" name="test_student_cannot_set_integrity_score" time="0.539" /><testcase classname="test_edora_backend.TestGradingFlow" name="test_submit_scores" time="1.640" /><testcase classname="test_edora_backend.TestGradingFlow" name="test_ai_graded_descriptives" time="0.000" /><testcase classname="test_edora_backend.TestGradingFlow" name="test_objective_graded_server_side" time="0.000" /><testcase classname="test_edora_backend.TestGradingFlow" name="test_double_submit_rejected" time="0.131" /><testcase classname="test_edora_backend.TestGradingFlow" name="test_attempt_visible_to_teacher" time="0.104" /><testcase classname="test_edora_backend.TestGradingFlow" name="test_dashboard_reflects_real_data" time="0.060" /><testcase classname="test_edora_backend.TestGradingFlow" name="test_analytics" time="1.408" /><testcase classname="test_edora_backend.TestGradingFlow" name="test_analytics_insight_cached" time="0.106" /><testcase classname="test_edora_v3_features.TestDualModeAuth" name="test_login_returns_token_field" time="0.385" /><testcase classname="test_edora_v3_features.TestDualModeAuth" name="test_me_with_bearer_only_no_cookies" time="0.527" /><testcase classname="test_edora_v3_features.TestDualModeAuth" name="test_me_with_cookie_only" time="0.395" /><testcase classname="test_edora_v3_features.TestDualModeAuth" name="test_register_returns_token_and_student_role" time="0.509" /><testcase classname="test_edora_v3_features.TestDualModeAuth" name="test_bad_bearer_token_401" time="0.142" /><testcase classname="test_edora_v3_features.TestDualModeAuth" name="test_logout_clears_cookies" time="0.421" /><testcase classname="test_edora_v3_features.TestDualModeAuth" name="test_brute_force_lockout_423_throwaway_email" time="0.378" /><testcase classname="test_edora_v3_features.TestQuestionGeneration" name="test_generate_inserts_into_bank" time="5.174" /><testcase classname="test_edora_v3_features.TestQuestionGeneration" name="test_generate_mcq_has_options" time="2.440" /><testcase classname="test_edora_v3_features.TestQuestionGeneration" name="test_generate_requires_teacher" time="0.534" /><testcase classname="test_edora_v3_features.TestQuestionGeneration" name="test_generate_validation_422" time="0.046" /><testcase classname="test_edora_v3_features.TestPdfExport" name="test_exam_pdf" time="0.242" /><testcase classname="test_edora_v3_features.TestPdfExport" name="test_exam_pdf_404" time="0.053" /><testcase classname="test_edora_v3_features.TestPdfExport" name="test_exam_pdf_guarded" time="0.488" /><testcase classname="test_edora_v3_features.TestPdfExport" name="test_attempt_pdf" time="2.144" /><testcase classname="test_edora_v3_features.TestPdfExport" name="test_attempt_pdf_bad_id_404" time="0.047" /><testcase classname="test_edora_v3_features.TestLiveProctoring" name="test_live_feed_lifecycle" time="0.316" /><testcase classname="test_edora_v3_features.TestLiveProctoring" name="test_live_feed_guarded" time="0.488" /><testcase classname="test_edora_v3_features.TestFaceVerification" name="test_start_without_photo_returns_identity_check_skipped" time="0.130" /><testcase classname="test_edora_v3_features.TestFaceVerification" name="test_start_with_photo_runs_vision_identity_check" time="1.238" /><testcase classname="test_edora_v3_features.TestFaceVerification" name="test_face_check_token_guard_and_match" time="2.431" /><testcase classname="test_edora_v3_features.TestFaceVerification" name="test_face_mismatch_penalises_integrity" time="2.340" /></testsuite></testsuites>