<?xml version="1.0" encoding="utf-8"?><testsuites name="pytest tests"><testsuite name="pytest" errors="0" failures="0" skipped="0" tests="39" time="5.052" timestamp="2026-08-24T15:29:22.433835+00:00" hostname="agent-env-1180227c-a576-4f17-9230-24259052afd6"><testcase classname="tests.test_insights.TestInsightsAuth" name="test_requires_auth[/insights/meta]" time="0.340" /><testcase classname="tests.test_insights.TestInsightsAuth" name="test_requires_auth[/insights/chapters]" time="0.090" /><testcase classname="tests.test_insights.TestInsightsAuth" name="test_requires_auth[/insights/question-trends]" time="0.130" /><testcase classname="tests.test_insights.TestInsightsAuth" name="test_requires_auth[/insights/chapter-weightage]" time="0.087" /><testcase classname="tests.test_insights.TestInsightsAuth" name="test_requires_auth[/insights/bank-health]" time="0.080" /><testcase classname="tests.test_insights.TestInsightsAuth" name="test_requires_auth[/insights/students]" time="0.179" /><testcase classname="tests.test_insights.TestInsightsAuth" name="test_requires_auth[/insights/classes]" time="0.081" /><testcase classname="tests.test_insights.TestInsightsAuth" name="test_requires_auth[/insights/adaptive/questions]" time="0.111" /><testcase classname="tests.test_insights.TestInsightsAuth" name="test_practice_generate_requires_auth" time="0.083" /><testcase classname="tests.test_insights.TestInsightsAuth" name="test_bad_token_rejected" time="0.079" /><testcase classname="tests.test_insights.TestInsightsAuth" name="test_admin_token_behaviour" time="0.526" /><testcase classname="tests.test_insights.TestMeta" name="test_meta" time="0.431" /><testcase classname="tests.test_insights.TestChapterIntelligence" name="test_list_chapters_unfiltered" time="0.065" /><testcase classname="tests.test_insights.TestChapterIntelligence" name="test_list_chapters_filters" time="0.165" /><testcase classname="tests.test_insights.TestChapterIntelligence" name="test_chapter_stats_sums" time="0.135" /><testcase classname="tests.test_insights.TestChapterIntelligence" name="test_chapter_stats_404" time="0.064" /><testcase classname="tests.test_insights.TestChapterIntelligence" name="test_chapter_stats_missing_params" time="0.062" /><testcase classname="tests.test_insights.TestQuestionTrends" name="test_trends" time="0.065" /><testcase classname="tests.test_insights.TestQuestionTrends" name="test_trends_subject_filter" time="0.121" /><testcase classname="tests.test_insights.TestExamPatterns" name="test_weightage" time="0.057" /><testcase classname="tests.test_insights.TestExamPatterns" name="test_weightage_subject_filter" time="0.132" /><testcase classname="tests.test_insights.TestBankHealth" name="test_bank_health" time="0.067" /><testcase classname="tests.test_insights.TestStudentProfiles" name="test_list_students" time="0.063" /><testcase classname="tests.test_insights.TestStudentProfiles" name="test_list_students_class_filter" time="0.064" /><testcase classname="tests.test_insights.TestStudentProfiles" name="test_student_summary_and_mastery" time="0.265" /><testcase classname="tests.test_insights.TestStudentProfiles" name="test_unknown_student_404" time="0.056" /><testcase classname="tests.test_insights.TestClassAnalytics" name="test_list_classes" time="0.064" /><testcase classname="tests.test_insights.TestClassAnalytics" name="test_class_analytics" time="0.126" /><testcase classname="tests.test_insights.TestClassAnalytics" name="test_class_analytics_404" time="0.058" /><testcase classname="tests.test_insights.TestAiInsights" name="test_teaching_recommendations" time="0.131" /><testcase classname="tests.test_insights.TestAiInsights" name="test_students_at_risk" time="0.064" /><testcase classname="tests.test_insights.TestAiInsights" name="test_mistake_profile" time="0.057" /><testcase classname="tests.test_insights.TestPracticeGenerator" name="test_generate_returns_real_questions" time="0.116" /><testcase classname="tests.test_insights.TestPracticeGenerator" name="test_count_clamped_to_max" time="0.120" /><testcase classname="tests.test_insights.TestPracticeGenerator" name="test_unknown_student_404" time="0.055" /><testcase classname="tests.test_insights.TestPracticeGenerator" name="test_missing_body_422" time="0.054" /><testcase classname="tests.test_insights.TestAdaptive" name="test_adaptive_questions" time="0.121" /><testcase classname="tests.test_insights.TestAdaptive" name="test_adaptive_404" time="0.064" /><testcase classname="tests.test_insights.TestRegressionExistingEngine" name="test_core_teacher_endpoints" time="0.336" /></testsuite></testsuites>