<?xml version="1.0" encoding="utf-8"?><testsuites name="pytest tests"><testsuite name="pytest" errors="0" failures="0" skipped="0" tests="42" time="9.221" timestamp="2026-08-22T15:46:02.820467+00:00" hostname="agent-env-1180227c-a576-4f17-9230-24259052afd6"><testcase classname="test_edora_backend" name="test_health" time="0.260" /><testcase classname="test_edora_backend.TestAuth" name="test_login_teacher_sets_httponly_cookies" time="0.277" /><testcase classname="test_edora_backend.TestAuth" name="test_login_invalid_password" time="0.270" /><testcase classname="test_edora_backend.TestAuth" name="test_me_requires_auth" time="0.148" /><testcase classname="test_edora_backend.TestAuth" name="test_me_teacher" time="0.437" /><testcase classname="test_edora_backend.TestAuth" name="test_bcrypt_hash_format" time="0.079" /><testcase classname="test_edora_backend.TestAuth" name="test_brute_force_lockout_423" time="0.406" /><testcase classname="test_edora_backend.TestAuth" name="test_register_cannot_escalate_to_teacher" time="0.481" /><testcase classname="test_edora_backend.TestRoleGuard" name="test_student_blocked_get[/dashboard/stats]" time="0.385" /><testcase classname="test_edora_backend.TestRoleGuard" name="test_student_blocked_get[/exams]" time="0.051" /><testcase classname="test_edora_backend.TestRoleGuard" name="test_student_blocked_get[/attempts]" time="0.046" /><testcase classname="test_edora_backend.TestRoleGuard" name="test_student_blocked_get[/analytics]" time="0.048" /><testcase classname="test_edora_backend.TestRoleGuard" name="test_student_blocked_get[/questions/stats]" time="0.051" /><testcase classname="test_edora_backend.TestRoleGuard" name="test_student_blocked_generate" time="0.048" /><testcase classname="test_edora_backend.TestRoleGuard" name="test_anon_blocked" time="0.155" /><testcase classname="test_edora_backend.TestCurriculum" name="test_curriculum" time="0.058" /><testcase classname="test_edora_backend.TestCurriculum" name="test_question_stats_six_types" time="0.065" /><testcase classname="test_edora_backend.TestGeneration" name="test_generate_variants_compliance_and_types" time="0.082" /><testcase classname="test_edora_backend.TestGeneration" name="test_generate_diversity_low_overlap" time="0.065" /><testcase classname="test_edora_backend.TestGeneration" name="test_generate_not_deterministic" time="0.165" /><testcase classname="test_edora_backend.TestGeneration" name="test_generate_seed_reproducible" time="0.122" /><testcase classname="test_edora_backend.TestGeneration" name="test_generate_bad_curriculum_400" time="0.055" /><testcase classname="test_edora_backend.TestGeneration" name="test_generate_flat_payload_422" time="0.063" /><testcase classname="test_edora_backend.TestPublish" name="test_publish_returns_code" time="0.533" /><testcase classname="test_edora_backend.TestPublish" name="test_published_matches_preview" time="0.072" /><testcase classname="test_edora_backend.TestPublish" name="test_publish_variant_index_1_matches_preview" time="0.175" /><testcase classname="test_edora_backend.TestPublish" name="test_publish_without_qids_400" time="0.057" /><testcase classname="test_edora_backend.TestPublish" name="test_exam_appears_in_list" time="0.059" /><testcase classname="test_edora_backend.TestPublish" name="test_get_exam_404" time="0.056" /><testcase classname="test_edora_backend.TestStudentSecurity" name="test_start_hides_answer_keys" time="0.098" /><testcase classname="test_edora_backend.TestStudentSecurity" name="test_start_invalid_code_404" time="0.154" /><testcase classname="test_edora_backend.TestStudentSecurity" name="test_malformed_object_id_returns_404" time="0.244" /><testcase classname="test_edora_backend.TestStudentSecurity" name="test_mutations_require_matching_token" time="0.336" /><testcase classname="test_edora_backend.TestStudentSecurity" name="test_student_cannot_set_integrity_score" time="0.396" /><testcase classname="test_edora_backend.TestGradingFlow" name="test_submit_scores" time="1.618" /><testcase classname="test_edora_backend.TestGradingFlow" name="test_ai_graded_descriptives" time="0.000" /><testcase classname="test_edora_backend.TestGradingFlow" name="test_objective_graded_server_side" time="0.000" /><testcase classname="test_edora_backend.TestGradingFlow" name="test_double_submit_rejected" time="0.125" /><testcase classname="test_edora_backend.TestGradingFlow" name="test_attempt_visible_to_teacher" time="0.116" /><testcase classname="test_edora_backend.TestGradingFlow" name="test_dashboard_reflects_real_data" time="0.067" /><testcase classname="test_edora_backend.TestGradingFlow" name="test_analytics" time="1.130" /><testcase classname="test_edora_backend.TestGradingFlow" name="test_analytics_insight_cached" time="0.132" /></testsuite></testsuites>