<?xml version="1.0" encoding="utf-8"?><testsuites name="pytest tests"><testsuite name="pytest" errors="0" failures="0" skipped="0" tests="15" time="21.799" timestamp="2026-08-22T15:44:21.904550+00:00" hostname="agent-env-1180227c-a576-4f17-9230-24259052afd6"><testcase classname="test_edora_v3_features.TestQuestionGeneration" name="test_generate_inserts_into_bank" time="5.198" /><testcase classname="test_edora_v3_features.TestQuestionGeneration" name="test_generate_mcq_has_options" time="2.421" /><testcase classname="test_edora_v3_features.TestQuestionGeneration" name="test_generate_requires_teacher" time="0.545" /><testcase classname="test_edora_v3_features.TestQuestionGeneration" name="test_generate_validation_422" time="0.058" /><testcase classname="test_edora_v3_features.TestPdfExport" name="test_exam_pdf" time="0.256" /><testcase classname="test_edora_v3_features.TestPdfExport" name="test_exam_pdf_404" time="0.065" /><testcase classname="test_edora_v3_features.TestPdfExport" name="test_exam_pdf_guarded" time="0.558" /><testcase classname="test_edora_v3_features.TestPdfExport" name="test_attempt_pdf" time="3.178" /><testcase classname="test_edora_v3_features.TestPdfExport" name="test_attempt_pdf_bad_id_404" time="0.060" /><testcase classname="test_edora_v3_features.TestLiveProctoring" name="test_live_feed_lifecycle" time="0.358" /><testcase classname="test_edora_v3_features.TestLiveProctoring" name="test_live_feed_guarded" time="0.587" /><testcase classname="test_edora_v3_features.TestFaceVerification" name="test_start_without_photo_returns_identity_check_skipped" time="0.188" /><testcase classname="test_edora_v3_features.TestFaceVerification" name="test_start_with_photo_runs_vision_identity_check" time="1.111" /><testcase classname="test_edora_v3_features.TestFaceVerification" name="test_face_check_token_guard_and_match" time="4.603" /><testcase classname="test_edora_v3_features.TestFaceVerification" name="test_face_mismatch_penalises_integrity" time="2.592" /></testsuite></testsuites>